app/build/outputs/logs/manifest-merger-debug-report.txt
-- Merging decision tree log ---
manifest
ADDED from src/main/AndroidManifest.xml:2:1-729:12
	package
		ADDED from src/main/AndroidManifest.xml:3:5-35
		INJECTED from src/main/AndroidManifest.xml
		INJECTED from src/main/AndroidManifest.xml
	android:versionName
		INJECTED from src/main/AndroidManifest.xml
		INJECTED from src/main/AndroidManifest.xml
	xmlns:tools
		ADDED from src/main/AndroidManifest.xml:5:5-51
	xmlns:android
		ADDED from src/main/AndroidManifest.xml:4:5-63
	android:versionCode
		INJECTED from src/main/AndroidManifest.xml
		INJECTED from src/main/AndroidManifest.xml
	android:installLocation
		ADDED from src/main/AndroidManifest.xml:6:5-43
uses-sdk
ADDED from src/main/AndroidManifest.xml:8:5-10:40
MERGED from [com.android.support:multidex:1.0.1] AndroidManifest.xml:18:5-42
MERGED from [android_studio_checker:qiniu:unspecified] AndroidManifest.xml:7:5-9:41
MERGED from [android_studio_checker:mp3recorder:1.0.2] AndroidManifest.xml:7:5-9:41
MERGED from [android_studio_checker:hctimepicker:unspecified] AndroidManifest.xml:7:5-9:41
MERGED from [android_studio_checker:ffmpeg:unspecified] AndroidManifest.xml:7:5-9:41
MERGED from [android_studio_checker:photospicker:unspecified] AndroidManifest.xml:7:5-9:41
MERGED from [com.android.support:appcompat-v7:22.2.0] AndroidManifest.xml:20:5-43
MERGED from [com.android.support:support-v4:22.2.0] AndroidManifest.xml:20:5-43
MERGED from [com.android.support:recyclerview-v7:22.2.0] AndroidManifest.xml:20:5-43
MERGED from [com.android.support:design:22.2.0] AndroidManifest.xml:20:5-43
MERGED from [com.android.support:cardview-v7:21.0.3] AndroidManifest.xml:15:5-42
MERGED from [com.ogaclejapan.smarttablayout:library:1.4.1] AndroidManifest.xml:8:5-10:41
MERGED from [android_studio_checker:settlement:unspecified] AndroidManifest.xml:8:5-10:41
MERGED from [android_studio_checker:o2osdk:unspecified] AndroidManifest.xml:7:5-9:41
MERGED from [in.srain.cube:ultra-ptr:1.0.10] AndroidManifest.xml:7:5-9:41
MERGED from [com.jungly:gridPasswordView:0.3] AndroidManifest.xml:8:5-10:41
MERGED from [org.xutils:xutils:3.3.36] AndroidManifest.xml:8:5-10:41
MERGED from [com.squareup.leakcanary:leakcanary-android:1.3] AndroidManifest.xml:20:5-22:41
	android:targetSdkVersion
		ADDED from src/main/AndroidManifest.xml:10:9-38
		INJECTED from src/main/AndroidManifest.xml
		INJECTED from src/main/AndroidManifest.xml
	android:minSdkVersion
		ADDED from src/main/AndroidManifest.xml:9:9-35
		INJECTED from src/main/AndroidManifest.xml
		INJECTED from src/main/AndroidManifest.xml
uses-permission#android.permission.CALL_PHONE
ADDED from src/main/AndroidManifest.xml:12:5-68
MERGED from [android_studio_checker:settlement:unspecified] AndroidManifest.xml:12:5-69
MERGED from [android_studio_checker:o2osdk:unspecified] AndroidManifest.xml:22:5-69
	android:name
		ADDED from src/main/AndroidManifest.xml:12:22-66
uses-permission#android.permission.GET_TASKS
ADDED from src/main/AndroidManifest.xml:13:5-67
MERGED from [android_studio_checker:settlement:unspecified] AndroidManifest.xml:13:5-68
	android:name
		ADDED from src/main/AndroidManifest.xml:13:22-65
uses-permission#android.permission.RECEIVE_BOOT_COMPLETED
ADDED from src/main/AndroidManifest.xml:14:5-80
MERGED from [android_studio_checker:settlement:unspecified] AndroidManifest.xml:14:5-81
MERGED from [android_studio_checker:o2osdk:unspecified] AndroidManifest.xml:11:5-81
	android:name
		ADDED from src/main/AndroidManifest.xml:14:22-78
uses-permission#android.permission.WRITE_SETTINGS
ADDED from src/main/AndroidManifest.xml:15:5-72
MERGED from [android_studio_checker:settlement:unspecified] AndroidManifest.xml:15:5-73
	android:name
		ADDED from src/main/AndroidManifest.xml:15:22-70
uses-permission#android.permission.ACCESS_DOWNLOAD_MANAGER
ADDED from src/main/AndroidManifest.xml:16:5-81
MERGED from [android_studio_checker:settlement:unspecified] AndroidManifest.xml:16:5-82
	android:name
		ADDED from src/main/AndroidManifest.xml:16:22-79
uses-permission#android.permission.DOWNLOAD_WITHOUT_NOTIFICATION
ADDED from src/main/AndroidManifest.xml:17:5-87
MERGED from [android_studio_checker:settlement:unspecified] AndroidManifest.xml:17:5-88
	android:name
		ADDED from src/main/AndroidManifest.xml:17:22-85
uses-permission#android.permission.DISABLE_KEYGUARD
ADDED from src/main/AndroidManifest.xml:18:5-74
MERGED from [android_studio_checker:settlement:unspecified] AndroidManifest.xml:18:5-75
	android:name
		ADDED from src/main/AndroidManifest.xml:18:22-72
uses-permission#android.permission.CAMERA
ADDED from src/main/AndroidManifest.xml:19:5-64
MERGED from [android_studio_checker:settlement:unspecified] AndroidManifest.xml:19:5-65
	android:name
		ADDED from src/main/AndroidManifest.xml:19:22-62
uses-permission#android.permission.ACCESS_COARSE_LOCATION
ADDED from src/main/AndroidManifest.xml:22:5-80
MERGED from [android_studio_checker:settlement:unspecified] AndroidManifest.xml:22:5-81
	android:name
		ADDED from src/main/AndroidManifest.xml:22:22-78
uses-permission#android.permission.ACCESS_FINE_LOCATION
ADDED from src/main/AndroidManifest.xml:24:5-78
MERGED from [android_studio_checker:settlement:unspecified] AndroidManifest.xml:24:5-79
	android:name
		ADDED from src/main/AndroidManifest.xml:24:22-76
uses-permission#android.permission.ACCESS_WIFI_STATE
ADDED from src/main/AndroidManifest.xml:26:5-75
MERGED from [android_studio_checker:settlement:unspecified] AndroidManifest.xml:26:5-76
MERGED from [android_studio_checker:o2osdk:unspecified] AndroidManifest.xml:17:5-76
	android:name
		ADDED from src/main/AndroidManifest.xml:26:22-73
uses-permission#android.permission.ACCESS_NETWORK_STATE
ADDED from src/main/AndroidManifest.xml:28:5-78
MERGED from [android_studio_checker:settlement:unspecified] AndroidManifest.xml:28:5-79
MERGED from [android_studio_checker:o2osdk:unspecified] AndroidManifest.xml:12:5-79
	android:name
		ADDED from src/main/AndroidManifest.xml:28:22-76
uses-permission#android.permission.CHANGE_WIFI_STATE
ADDED from src/main/AndroidManifest.xml:30:5-75
MERGED from [android_studio_checker:settlement:unspecified] AndroidManifest.xml:30:5-76
	android:name
		ADDED from src/main/AndroidManifest.xml:30:22-73
uses-permission#android.permission.READ_PHONE_STATE
ADDED from src/main/AndroidManifest.xml:32:5-74
MERGED from [android_studio_checker:settlement:unspecified] AndroidManifest.xml:32:5-75
MERGED from [android_studio_checker:o2osdk:unspecified] AndroidManifest.xml:16:5-75
	android:name
		ADDED from src/main/AndroidManifest.xml:32:22-72
uses-permission#android.permission.WRITE_EXTERNAL_STORAGE
ADDED from src/main/AndroidManifest.xml:34:5-80
MERGED from [android_studio_checker:qiniu:unspecified] AndroidManifest.xml:12:5-81
MERGED from [android_studio_checker:mp3recorder:1.0.2] AndroidManifest.xml:12:5-81
MERGED from [android_studio_checker:ffmpeg:unspecified] AndroidManifest.xml:11:5-81
MERGED from [android_studio_checker:settlement:unspecified] AndroidManifest.xml:34:5-81
MERGED from [android_studio_checker:o2osdk:unspecified] AndroidManifest.xml:18:5-81
	android:name
		ADDED from src/main/AndroidManifest.xml:34:22-78
uses-permission#android.permission.INTERNET
ADDED from src/main/AndroidManifest.xml:36:5-66
MERGED from [android_studio_checker:qiniu:unspecified] AndroidManifest.xml:11:5-67
MERGED from [android_studio_checker:settlement:unspecified] AndroidManifest.xml:36:5-67
MERGED from [android_studio_checker:o2osdk:unspecified] AndroidManifest.xml:15:5-67
	android:name
		ADDED from src/main/AndroidManifest.xml:36:22-64
uses-permission#android.permission.MOUNT_UNMOUNT_FILESYSTEMS
ADDED from src/main/AndroidManifest.xml:38:5-83
MERGED from [android_studio_checker:settlement:unspecified] AndroidManifest.xml:38:5-84
MERGED from [android_studio_checker:o2osdk:unspecified] AndroidManifest.xml:26:5-84
	android:name
		ADDED from src/main/AndroidManifest.xml:38:22-81
uses-permission#android.permission.READ_LOGS
ADDED from src/main/AndroidManifest.xml:40:5-67
MERGED from [android_studio_checker:settlement:unspecified] AndroidManifest.xml:40:5-68
MERGED from [android_studio_checker:o2osdk:unspecified] AndroidManifest.xml:21:5-68
	android:name
		ADDED from src/main/AndroidManifest.xml:40:22-65
uses-permission#android.permission.READ_CONTACTS
ADDED from src/main/AndroidManifest.xml:42:5-71
MERGED from [android_studio_checker:settlement:unspecified] AndroidManifest.xml:42:5-72
MERGED from [android_studio_checker:settlement:unspecified] AndroidManifest.xml:59:5-72
	android:name
		ADDED from src/main/AndroidManifest.xml:42:22-69
uses-permission#android.permission.WRITE_CONTACTS
ADDED from src/main/AndroidManifest.xml:43:5-72
MERGED from [android_studio_checker:settlement:unspecified] AndroidManifest.xml:43:5-73
MERGED from [android_studio_checker:settlement:unspecified] AndroidManifest.xml:60:5-73
	android:name
		ADDED from src/main/AndroidManifest.xml:43:22-70
uses-feature#android.hardware.camera
ADDED from src/main/AndroidManifest.xml:45:5-59
MERGED from [android_studio_checker:settlement:unspecified] AndroidManifest.xml:45:5-60
	android:name
		ADDED from src/main/AndroidManifest.xml:45:19-57
uses-feature#android.hardware.camera.autofocus
ADDED from src/main/AndroidManifest.xml:46:5-69
MERGED from [android_studio_checker:settlement:unspecified] AndroidManifest.xml:46:5-70
	android:name
		ADDED from src/main/AndroidManifest.xml:46:19-67
uses-permission#android.permission.FLASHLIGHT
ADDED from src/main/AndroidManifest.xml:48:5-68
MERGED from [android_studio_checker:settlement:unspecified] AndroidManifest.xml:48:5-69
MERGED from [android_studio_checker:o2osdk:unspecified] AndroidManifest.xml:20:5-69
	android:name
		ADDED from src/main/AndroidManifest.xml:48:22-66
uses-permission#android.permission.READ_EXTERNAL_STORAGE
ADDED from src/main/AndroidManifest.xml:49:5-79
MERGED from [android_studio_checker:settlement:unspecified] AndroidManifest.xml:49:5-80
MERGED from [android_studio_checker:o2osdk:unspecified] AndroidManifest.xml:27:5-80
	android:name
		ADDED from src/main/AndroidManifest.xml:49:22-77
uses-permission#android.permission.VIBRATE
ADDED from src/main/AndroidManifest.xml:51:5-65
MERGED from [android_studio_checker:settlement:unspecified] AndroidManifest.xml:51:5-66
MERGED from [android_studio_checker:o2osdk:unspecified] AndroidManifest.xml:19:5-66
	android:name
		ADDED from src/main/AndroidManifest.xml:51:22-63
uses-permission#android.permission.BLUETOOTH
ADDED from src/main/AndroidManifest.xml:54:5-67
MERGED from [android_studio_checker:settlement:unspecified] AndroidManifest.xml:54:5-68
MERGED from [android_studio_checker:o2osdk:unspecified] AndroidManifest.xml:24:5-68
	android:name
		ADDED from src/main/AndroidManifest.xml:54:22-65
uses-permission#com.android.launcher.permission.READ_SETTINGS
ADDED from src/main/AndroidManifest.xml:57:5-84
MERGED from [android_studio_checker:settlement:unspecified] AndroidManifest.xml:57:5-85
	android:name
		ADDED from src/main/AndroidManifest.xml:57:22-82
uses-permission#android.permission.WAKE_LOCK
ADDED from src/main/AndroidManifest.xml:58:5-67
MERGED from [android_studio_checker:ffmpeg:unspecified] AndroidManifest.xml:12:5-68
MERGED from [android_studio_checker:settlement:unspecified] AndroidManifest.xml:58:5-68
	android:name
		ADDED from src/main/AndroidManifest.xml:58:22-65
uses-permission#android.permission.RECORD_AUDIO
ADDED from src/main/AndroidManifest.xml:61:5-70
MERGED from [android_studio_checker:mp3recorder:1.0.2] AndroidManifest.xml:11:5-71
MERGED from [android_studio_checker:settlement:unspecified] AndroidManifest.xml:64:5-71
	android:name
		ADDED from src/main/AndroidManifest.xml:61:22-68
uses-permission#android.permission.MODIFY_AUDIO_SETTINGS
ADDED from src/main/AndroidManifest.xml:62:5-79
MERGED from [android_studio_checker:settlement:unspecified] AndroidManifest.xml:67:5-80
	android:name
		ADDED from src/main/AndroidManifest.xml:62:22-77
uses-permission#android.permission.CAPTURE_AUDIO_OUTPUT
ADDED from src/main/AndroidManifest.xml:63:5-78
	android:name
		ADDED from src/main/AndroidManifest.xml:63:22-76
application
ADDED from src/main/AndroidManifest.xml:65:5-727:19
MERGED from [android_studio_checker:qiniu:unspecified] AndroidManifest.xml:14:5-53
MERGED from [com.android.support:appcompat-v7:22.2.0] AndroidManifest.xml:22:5-20
MERGED from [com.android.support:support-v4:22.2.0] AndroidManifest.xml:22:5-20
MERGED from [com.android.support:design:22.2.0] AndroidManifest.xml:22:5-20
MERGED from [com.android.support:cardview-v7:21.0.3] AndroidManifest.xml:16:5-19
MERGED from [android_studio_checker:settlement:unspecified] AndroidManifest.xml:69:5-114:19
MERGED from [android_studio_checker:o2osdk:unspecified] AndroidManifest.xml:29:5-87:19
MERGED from [in.srain.cube:ultra-ptr:1.0.10] AndroidManifest.xml:11:5-20
MERGED from [com.jungly:gridPasswordView:0.3] AndroidManifest.xml:12:5-20
MERGED from [org.xutils:xutils:3.3.36] AndroidManifest.xml:12:5-20
MERGED from [com.squareup.leakcanary:leakcanary-android:1.3] AndroidManifest.xml:24:5-46:19
	android:label
		ADDED from src/main/AndroidManifest.xml:69:9-41
	android:allowBackup
		ADDED from src/main/AndroidManifest.xml:67:9-35
	android:icon
		ADDED from src/main/AndroidManifest.xml:68:9-45
	android:largeHeap
		ADDED from src/main/AndroidManifest.xml:70:9-33
	android:theme
		ADDED from src/main/AndroidManifest.xml:71:9-40
		REJECTED from [android_studio_checker:settlement:unspecified] AndroidManifest.xml:72:9-40
	tools:replace
		ADDED from src/main/AndroidManifest.xml:72:9-51
	android:name
		ADDED from src/main/AndroidManifest.xml:66:9-43
activity#com.haoche51.checker.activity.user.LoginActivity
ADDED from src/main/AndroidManifest.xml:75:9-81:57
	android:screenOrientation
		ADDED from src/main/AndroidManifest.xml:79:13-49
	android:label
		ADDED from src/main/AndroidManifest.xml:77:13-45
	android:launchMode
		ADDED from src/main/AndroidManifest.xml:78:13-43
	android:windowSoftInputMode
		ADDED from src/main/AndroidManifest.xml:81:13-55
	android:theme
		ADDED from src/main/AndroidManifest.xml:80:13-69
	android:name
		ADDED from src/main/AndroidManifest.xml:76:13-56
activity#com.haoche51.checker.activity.HomePageActivity
ADDED from src/main/AndroidManifest.xml:85:9-98:20
	android:screenOrientation
		ADDED from src/main/AndroidManifest.xml:90:13-49
	android:label
		ADDED from src/main/AndroidManifest.xml:88:13-45
	android:launchMode
		ADDED from src/main/AndroidManifest.xml:89:13-43
	android:windowSoftInputMode
		ADDED from src/main/AndroidManifest.xml:92:13-52
	android:icon
		ADDED from src/main/AndroidManifest.xml:87:13-49
	android:theme
		ADDED from src/main/AndroidManifest.xml:91:13-53
	android:name
		ADDED from src/main/AndroidManifest.xml:86:13-54
intent-filter#android.intent.action.MAIN+android.intent.category.LAUNCHER
ADDED from src/main/AndroidManifest.xml:93:13-97:29
action#android.intent.action.MAIN
ADDED from src/main/AndroidManifest.xml:94:17-68
	android:name
		ADDED from src/main/AndroidManifest.xml:94:25-66
category#android.intent.category.LAUNCHER
ADDED from src/main/AndroidManifest.xml:96:17-76
	android:name
		ADDED from src/main/AndroidManifest.xml:96:27-74
activity#com.haoche51.checker.activity.evaluate.FillExamReportActivity
ADDED from src/main/AndroidManifest.xml:101:9-106:71
	android:screenOrientation
		ADDED from src/main/AndroidManifest.xml:105:13-49
	android:label
		ADDED from src/main/AndroidManifest.xml:104:13-55
	android:icon
		ADDED from src/main/AndroidManifest.xml:103:13-49
	android:theme
		ADDED from src/main/AndroidManifest.xml:106:13-69
	android:name
		ADDED from src/main/AndroidManifest.xml:102:13-69
activity#com.haoche51.checker.activity.evaluate.CheckTaskDetailActivity
ADDED from src/main/AndroidManifest.xml:110:9-113:45
	android:screenOrientation
		ADDED from src/main/AndroidManifest.xml:112:13-49
	android:theme
		ADDED from src/main/AndroidManifest.xml:113:13-43
	android:name
		ADDED from src/main/AndroidManifest.xml:111:13-70
activity#com.haoche51.checker.activity.evaluate.ModifyCheckAddressActivity
ADDED from src/main/AndroidManifest.xml:114:9-117:45
	android:screenOrientation
		ADDED from src/main/AndroidManifest.xml:116:13-49
	android:theme
		ADDED from src/main/AndroidManifest.xml:117:13-43
	android:name
		ADDED from src/main/AndroidManifest.xml:115:13-73
activity#com.haoche51.checker.activity.evaluate.UploadTaskDetailActivity
ADDED from src/main/AndroidManifest.xml:118:9-121:45
	android:screenOrientation
		ADDED from src/main/AndroidManifest.xml:120:13-49
	android:theme
		ADDED from src/main/AndroidManifest.xml:121:13-43
	android:name
		ADDED from src/main/AndroidManifest.xml:119:13-71
activity#com.haoche51.checker.activity.user.ChangePwdActivity
ADDED from src/main/AndroidManifest.xml:122:9-126:71
	android:screenOrientation
		ADDED from src/main/AndroidManifest.xml:125:13-49
	android:label
		ADDED from src/main/AndroidManifest.xml:124:13-47
	android:theme
		ADDED from src/main/AndroidManifest.xml:126:13-69
	android:name
		ADDED from src/main/AndroidManifest.xml:123:13-60
activity#com.haoche51.checker.activity.HCWebViewActivity
ADDED from src/main/AndroidManifest.xml:127:9-130:71
	android:screenOrientation
		ADDED from src/main/AndroidManifest.xml:129:13-49
	android:theme
		ADDED from src/main/AndroidManifest.xml:130:13-69
	android:name
		ADDED from src/main/AndroidManifest.xml:128:13-55
activity#com.haoche51.checker.activity.CRMWebViewActivity
ADDED from src/main/AndroidManifest.xml:132:9-135:71
	android:screenOrientation
		ADDED from src/main/AndroidManifest.xml:134:13-49
	android:theme
		ADDED from src/main/AndroidManifest.xml:135:13-69
	android:name
		ADDED from src/main/AndroidManifest.xml:133:13-56
activity#com.haoche51.checker.test.TestActivity
ADDED from src/main/AndroidManifest.xml:138:9-140:62
	android:theme
		ADDED from src/main/AndroidManifest.xml:140:13-60
	android:name
		ADDED from src/main/AndroidManifest.xml:139:13-46
activity#com.haoche51.checker.activity.evaluate.CancelTaskActivity
ADDED from src/main/AndroidManifest.xml:141:9-145:71
	android:screenOrientation
		ADDED from src/main/AndroidManifest.xml:144:13-49
	android:label
		ADDED from src/main/AndroidManifest.xml:143:13-49
	android:theme
		ADDED from src/main/AndroidManifest.xml:145:13-69
	android:name
		ADDED from src/main/AndroidManifest.xml:142:13-65
activity#com.haoche51.checker.activity.evaluate.HelpCheckDetailActivity
ADDED from src/main/AndroidManifest.xml:146:9-150:71
	android:screenOrientation
		ADDED from src/main/AndroidManifest.xml:149:13-49
	android:label
		ADDED from src/main/AndroidManifest.xml:148:13-45
	android:theme
		ADDED from src/main/AndroidManifest.xml:150:13-69
	android:name
		ADDED from src/main/AndroidManifest.xml:147:13-70
activity#com.haoche51.checker.activity.evaluate.LiYangVehicleFilterActivity
ADDED from src/main/AndroidManifest.xml:153:9-156:71
	android:screenOrientation
		ADDED from src/main/AndroidManifest.xml:155:13-49
	android:theme
		ADDED from src/main/AndroidManifest.xml:156:13-69
	android:name
		ADDED from src/main/AndroidManifest.xml:154:13-74
activity#com.haoche51.checker.activity.user.SettingActivity
ADDED from src/main/AndroidManifest.xml:157:9-160:71
	android:screenOrientation
		ADDED from src/main/AndroidManifest.xml:159:13-49
	android:theme
		ADDED from src/main/AndroidManifest.xml:160:13-69
	android:name
		ADDED from src/main/AndroidManifest.xml:158:13-58
activity#com.haoche51.checker.activity.user.QRShareActivity
ADDED from src/main/AndroidManifest.xml:161:9-164:71
	android:screenOrientation
		ADDED from src/main/AndroidManifest.xml:163:13-49
	android:theme
		ADDED from src/main/AndroidManifest.xml:164:13-69
	android:name
		ADDED from src/main/AndroidManifest.xml:162:13-58
activity#com.haoche51.checker.activity.notice.PushMessageActivity
ADDED from src/main/AndroidManifest.xml:165:9-169:45
	android:screenOrientation
		ADDED from src/main/AndroidManifest.xml:168:13-49
	android:launchMode
		ADDED from src/main/AndroidManifest.xml:167:13-44
	android:theme
		ADDED from src/main/AndroidManifest.xml:169:13-43
	android:name
		ADDED from src/main/AndroidManifest.xml:166:13-64
receiver#com.haoche51.checker.HCPushMessageReceiver
ADDED from src/main/AndroidManifest.xml:174:9-183:20
	android:name
		ADDED from src/main/AndroidManifest.xml:174:19-56
intent-filter#com.baidu.android.pushservice.action.MESSAGE+com.baidu.android.pushservice.action.RECEIVE+com.baidu.android.pushservice.action.notification.CLICK
ADDED from src/main/AndroidManifest.xml:175:13-182:29
action#com.baidu.android.pushservice.action.MESSAGE
ADDED from src/main/AndroidManifest.xml:178:17-86
	android:name
		ADDED from src/main/AndroidManifest.xml:178:25-84
action#com.baidu.android.pushservice.action.RECEIVE
ADDED from src/main/AndroidManifest.xml:180:17-86
	android:name
		ADDED from src/main/AndroidManifest.xml:180:25-84
action#com.baidu.android.pushservice.action.notification.CLICK
ADDED from src/main/AndroidManifest.xml:181:17-97
	android:name
		ADDED from src/main/AndroidManifest.xml:181:25-95
receiver#com.baidu.android.pushservice.PushServiceReceiver
ADDED from src/main/AndroidManifest.xml:186:9-200:20
	android:process
		ADDED from src/main/AndroidManifest.xml:188:13-44
	android:name
		ADDED from src/main/AndroidManifest.xml:187:13-77
intent-filter#android.intent.action.ACTION_POWER_CONNECTED+android.intent.action.ACTION_POWER_DISCONNECTED+android.intent.action.BOOT_COMPLETED+android.intent.action.MEDIA_MOUNTED+android.intent.action.USER_PRESENT+android.net.conn.CONNECTIVITY_CHANGE+com.baidu.android.pushservice.action.media.CLICK+com.baidu.android.pushservice.action.notification.SHOW
ADDED from src/main/AndroidManifest.xml:189:13-199:29
action#android.intent.action.BOOT_COMPLETED
ADDED from src/main/AndroidManifest.xml:190:17-78
	android:name
		ADDED from src/main/AndroidManifest.xml:190:25-76
action#android.net.conn.CONNECTIVITY_CHANGE
ADDED from src/main/AndroidManifest.xml:191:17-78
	android:name
		ADDED from src/main/AndroidManifest.xml:191:25-76
action#com.baidu.android.pushservice.action.notification.SHOW
ADDED from src/main/AndroidManifest.xml:192:17-96
	android:name
		ADDED from src/main/AndroidManifest.xml:192:25-94
action#com.baidu.android.pushservice.action.media.CLICK
ADDED from src/main/AndroidManifest.xml:193:17-90
	android:name
		ADDED from src/main/AndroidManifest.xml:193:25-88
action#android.intent.action.MEDIA_MOUNTED
ADDED from src/main/AndroidManifest.xml:195:17-77
	android:name
		ADDED from src/main/AndroidManifest.xml:195:25-75
action#android.intent.action.USER_PRESENT
ADDED from src/main/AndroidManifest.xml:196:17-76
	android:name
		ADDED from src/main/AndroidManifest.xml:196:25-74
action#android.intent.action.ACTION_POWER_CONNECTED
ADDED from src/main/AndroidManifest.xml:197:17-86
	android:name
		ADDED from src/main/AndroidManifest.xml:197:25-84
action#android.intent.action.ACTION_POWER_DISCONNECTED
ADDED from src/main/AndroidManifest.xml:198:17-89
	android:name
		ADDED from src/main/AndroidManifest.xml:198:25-87
receiver#com.baidu.android.pushservice.RegistrationReceiver
ADDED from src/main/AndroidManifest.xml:201:9-213:20
	android:process
		ADDED from src/main/AndroidManifest.xml:203:13-44
	android:name
		ADDED from src/main/AndroidManifest.xml:202:13-78
intent-filter#com.baidu.android.pushservice.action.BIND_SYNC+com.baidu.android.pushservice.action.METHOD
ADDED from src/main/AndroidManifest.xml:204:13-207:29
action#com.baidu.android.pushservice.action.METHOD
ADDED from src/main/AndroidManifest.xml:205:17-85
	android:name
		ADDED from src/main/AndroidManifest.xml:205:25-83
action#com.baidu.android.pushservice.action.BIND_SYNC
ADDED from src/main/AndroidManifest.xml:206:17-88
	android:name
		ADDED from src/main/AndroidManifest.xml:206:25-86
intent-filter#android.intent.action.PACKAGE_REMOVED
ADDED from src/main/AndroidManifest.xml:208:13-212:29
action#android.intent.action.PACKAGE_REMOVED
ADDED from src/main/AndroidManifest.xml:209:17-79
	android:name
		ADDED from src/main/AndroidManifest.xml:209:25-77
data
ADDED from src/main/AndroidManifest.xml:211:17-49
	android:scheme
		ADDED from src/main/AndroidManifest.xml:211:23-47
service#com.baidu.android.pushservice.PushService
ADDED from src/main/AndroidManifest.xml:215:9-222:19
	android:process
		ADDED from src/main/AndroidManifest.xml:218:13-44
	android:exported
		ADDED from src/main/AndroidManifest.xml:217:13-36
	android:name
		ADDED from src/main/AndroidManifest.xml:216:13-69
intent-filter#com.baidu.android.pushservice.action.PUSH_SERVICE
ADDED from src/main/AndroidManifest.xml:219:13-221:29
action#com.baidu.android.pushservice.action.PUSH_SERVICE
ADDED from src/main/AndroidManifest.xml:220:17-91
	android:name
		ADDED from src/main/AndroidManifest.xml:220:25-89
service#com.baidu.android.pushservice.CommandService
ADDED from src/main/AndroidManifest.xml:225:9-227:38
	android:exported
		ADDED from src/main/AndroidManifest.xml:227:13-36
	android:name
		ADDED from src/main/AndroidManifest.xml:226:13-72
uses-library#android.test.runner
ADDED from src/main/AndroidManifest.xml:229:9-59
	android:name
		ADDED from src/main/AndroidManifest.xml:229:23-57
meta-data#UMENG_APPKEY
ADDED from src/main/AndroidManifest.xml:233:9-235:55
	android:value
		ADDED from src/main/AndroidManifest.xml:235:13-53
	android:name
		ADDED from src/main/AndroidManifest.xml:234:13-40
meta-data#UMENG_CHANNEL
ADDED from src/main/AndroidManifest.xml:237:9-239:36
	android:value
		ADDED from src/main/AndroidManifest.xml:239:13-34
	android:name
		ADDED from src/main/AndroidManifest.xml:238:13-41
service#com.umeng.update.net.DownloadingService
ADDED from src/main/AndroidManifest.xml:241:9-243:52
	android:process
		ADDED from src/main/AndroidManifest.xml:243:13-50
	android:name
		ADDED from src/main/AndroidManifest.xml:242:13-67
activity#com.umeng.update.UpdateDialogActivity
ADDED from src/main/AndroidManifest.xml:245:9-247:74
	android:theme
		ADDED from src/main/AndroidManifest.xml:247:13-72
	android:name
		ADDED from src/main/AndroidManifest.xml:246:13-65
service#com.baidu.location.f
ADDED from src/main/AndroidManifest.xml:249:9-256:19
	android:enabled
		ADDED from src/main/AndroidManifest.xml:251:13-35
	android:process
		ADDED from src/main/AndroidManifest.xml:252:13-38
	android:name
		ADDED from src/main/AndroidManifest.xml:250:13-48
intent-filter#com.baidu.location.service_v2.2
ADDED from src/main/AndroidManifest.xml:253:13-255:29
action#com.baidu.location.service_v2.2
ADDED from src/main/AndroidManifest.xml:254:17-73
	android:name
		ADDED from src/main/AndroidManifest.xml:254:25-71
meta-data#com.baidu.lbsapi.API_KEY
ADDED from src/main/AndroidManifest.xml:260:9-262:55
	android:value
		ADDED from src/main/AndroidManifest.xml:262:13-53
	android:name
		ADDED from src/main/AndroidManifest.xml:261:13-52
service#com.haoche51.checker.service.LocationService
ADDED from src/main/AndroidManifest.xml:264:9-59
	android:name
		ADDED from src/main/AndroidManifest.xml:264:18-57
activity#com.haoche51.checker.activity.evaluate.ImageUploadActivity
ADDED from src/main/AndroidManifest.xml:266:9-269:71
	android:screenOrientation
		ADDED from src/main/AndroidManifest.xml:268:13-49
	android:theme
		ADDED from src/main/AndroidManifest.xml:269:13-69
	android:name
		ADDED from src/main/AndroidManifest.xml:267:13-66
activity#me.iwf.photopicker.PhotoPickerActivity
ADDED from src/main/AndroidManifest.xml:270:9-272:48
	android:theme
		ADDED from src/main/AndroidManifest.xml:272:13-46
	android:name
		ADDED from src/main/AndroidManifest.xml:271:13-66
activity#me.iwf.photopicker.PhotoPagerActivity
ADDED from src/main/AndroidManifest.xml:273:9-275:65
	android:theme
		ADDED from src/main/AndroidManifest.xml:275:13-63
	android:name
		ADDED from src/main/AndroidManifest.xml:274:13-65
activity#com.haoche51.checker.activity.evaluate.CheckMainActivity
ADDED from src/main/AndroidManifest.xml:276:9-286:20
	android:screenOrientation
		ADDED from src/main/AndroidManifest.xml:279:13-49
	android:launchMode
		ADDED from src/main/AndroidManifest.xml:278:13-44
	android:theme
		ADDED from src/main/AndroidManifest.xml:280:13-64
	android:name
		ADDED from src/main/AndroidManifest.xml:277:13-64
intent-filter#android.intent.category.DEFAULT+com.haoche51.checker.action.CHECK_MAIN
ADDED from src/main/AndroidManifest.xml:282:13-285:29
action#com.haoche51.checker.action.CHECK_MAIN
ADDED from src/main/AndroidManifest.xml:283:17-80
	android:name
		ADDED from src/main/AndroidManifest.xml:283:25-78
category#android.intent.category.DEFAULT
ADDED from src/main/AndroidManifest.xml:284:17-75
	android:name
		ADDED from src/main/AndroidManifest.xml:284:27-73
activity#com.haoche51.checker.activity.evaluate.TransmitCheckTaskActivity
ADDED from src/main/AndroidManifest.xml:287:9-290:71
	android:screenOrientation
		ADDED from src/main/AndroidManifest.xml:289:13-49
	android:theme
		ADDED from src/main/AndroidManifest.xml:290:13-69
	android:name
		ADDED from src/main/AndroidManifest.xml:288:13-72
activity#com.haoche51.checker.activity.purchase.PurchaseMainActivity
ADDED from src/main/AndroidManifest.xml:294:9-298:15
	android:screenOrientation
		ADDED from src/main/AndroidManifest.xml:296:13-49
	android:theme
		ADDED from src/main/AndroidManifest.xml:297:13-43
	android:name
		ADDED from src/main/AndroidManifest.xml:295:13-67
activity#com.haoche51.checker.activity.purchase.PurchaseTaskPendingDetailActivity
ADDED from src/main/AndroidManifest.xml:299:9-303:15
	android:screenOrientation
		ADDED from src/main/AndroidManifest.xml:301:13-49
	android:theme
		ADDED from src/main/AndroidManifest.xml:302:13-43
	android:name
		ADDED from src/main/AndroidManifest.xml:300:13-80
activity#com.haoche51.checker.activity.hostling.HostlingMainActivity
ADDED from src/main/AndroidManifest.xml:306:9-309:45
	android:screenOrientation
		ADDED from src/main/AndroidManifest.xml:308:13-49
	android:theme
		ADDED from src/main/AndroidManifest.xml:309:13-43
	android:name
		ADDED from src/main/AndroidManifest.xml:307:13-67
activity#com.haoche51.checker.activity.hostling.SubmitHostlingActivity